0 info it worked if it ends with ok
1 verbose cli [ '/Users/bartoszadamczyk/.nvm/versions/node/v6.3.1/bin/node',
1 verbose cli   '/Users/bartoszadamczyk/.nvm/versions/node/v6.3.1/bin/npm',
1 verbose cli   'run',
1 verbose cli   'lint' ]
2 info using npm@3.10.3
3 info using node@v6.3.1
4 verbose run-script [ 'prelint', 'lint', 'postlint' ]
5 info lifecycle mockee@1.0.0~prelint: mockee@1.0.0
6 silly lifecycle mockee@1.0.0~prelint: no script for prelint, continuing
7 info lifecycle mockee@1.0.0~lint: mockee@1.0.0
8 verbose lifecycle mockee@1.0.0~lint: unsafe-perm in lifecycle true
9 verbose lifecycle mockee@1.0.0~lint: PATH: /Users/bartoszadamczyk/.nvm/versions/node/v6.3.1/lib/node_modules/npm/bin/node-gyp-bin:/Users/bartoszadamczyk/Projects/mockee/node_modules/.bin:/Users/bartoszadamczyk/.nvm/versions/node/v6.3.1/bin:/Users/bartoszadamczyk/.nvm/versions/node/v6.3.1/bin:/usr/local/bin:/usr/bin:/bin:/usr/sbin:/sbin
10 verbose lifecycle mockee@1.0.0~lint: CWD: /Users/bartoszadamczyk/Projects/mockee
11 silly lifecycle mockee@1.0.0~lint: Args: [ '-c', 'eslint \'src/**/*.js\'' ]
12 silly lifecycle mockee@1.0.0~lint: Returned: code: 1  signal: null
13 info lifecycle mockee@1.0.0~lint: Failed to exec lint script
14 verbose stack Error: mockee@1.0.0 lint: `eslint 'src/**/*.js'`
14 verbose stack Exit status 1
14 verbose stack     at EventEmitter.<anonymous> (/Users/bartoszadamczyk/.nvm/versions/node/v6.3.1/lib/node_modules/npm/lib/utils/lifecycle.js:242:16)
14 verbose stack     at emitTwo (events.js:106:13)
14 verbose stack     at EventEmitter.emit (events.js:191:7)
14 verbose stack     at ChildProcess.<anonymous> (/Users/bartoszadamczyk/.nvm/versions/node/v6.3.1/lib/node_modules/npm/lib/utils/spawn.js:40:14)
14 verbose stack     at emitTwo (events.js:106:13)
14 verbose stack     at ChildProcess.emit (events.js:191:7)
14 verbose stack     at maybeClose (internal/child_process.js:852:16)
14 verbose stack     at Process.ChildProcess._handle.onexit (internal/child_process.js:215:5)
15 verbose pkgid mockee@1.0.0
16 verbose cwd /Users/bartoszadamczyk/Projects/mockee
17 error Darwin 16.3.0
18 error argv "/Users/bartoszadamczyk/.nvm/versions/node/v6.3.1/bin/node" "/Users/bartoszadamczyk/.nvm/versions/node/v6.3.1/bin/npm" "run" "lint"
19 error node v6.3.1
20 error npm  v3.10.3
21 error code ELIFECYCLE
22 error mockee@1.0.0 lint: `eslint 'src/**/*.js'`
22 error Exit status 1
23 error Failed at the mockee@1.0.0 lint script 'eslint 'src/**/*.js''.
23 error Make sure you have the latest version of node.js and npm installed.
23 error If you do, this is most likely a problem with the mockee package,
23 error not with npm itself.
23 error Tell the author that this fails on your system:
23 error     eslint 'src/**/*.js'
23 error You can get information on how to open an issue for this project with:
23 error     npm bugs mockee
23 error Or if that isn't available, you can get their info via:
23 error     npm owner ls mockee
23 error There is likely additional logging output above.
24 verbose exit [ 1, true ]
